# JRE version: OpenJDK Runtime Environment (11.0.13) (build 11.0.13+0-b1751.21-8125866)
# Java VM: OpenJDK 64-Bit Server VM (11.0.13+0-b1751.21-8125866, mixed mode, tiered, compressed oops, g1 gc, windows-amd64)
Heap:
 garbage-first heap   total 262144K, used 165798K [0x00000000a0000000, 0x0000000100000000)
  region size 1024K, 23 young (23552K), 4 survivors (4096K)
 Metaspace       used 118191K, capacity 121029K, committed 121216K, reserved 1155072K
  class space    used 13872K, capacity 14715K, committed 14720K, reserved 1048576K
GC Heap History (20 events):
Event: 534.428 GC heap before
{Heap before GC invocations=50 (full 0):
 garbage-first heap   total 262144K, used 136280K [0x00000000a0000000, 0x0000000100000000)
  region size 1024K, 12 young (12288K), 9 survivors (9216K)
 Metaspace       used 104240K, capacity 106642K, committed 106752K, reserved 1142784K
  class space    used 12326K, capacity 13029K, committed 13056K, reserved 1048576K
}
Event: 534.435 GC heap after
{Heap after GC invocations=51 (full 0):
 garbage-first heap   total 262144K, used 131965K [0x00000000a0000000, 0x0000000100000000)
  region size 1024K, 1 young (1024K), 1 survivors (1024K)
 Metaspace       used 104240K, capacity 106642K, committed 106752K, reserved 1142784K
  class space    used 12326K, capacity 13029K, committed 13056K, reserved 1048576K
}
Event: 535.075 GC heap before
{Heap before GC invocations=51 (full 0):
 garbage-first heap   total 262144K, used 211837K [0x00000000a0000000, 0x0000000100000000)
  region size 1024K, 80 young (81920K), 1 survivors (1024K)
 Metaspace       used 104927K, capacity 107453K, committed 107648K, reserved 1144832K
  class space    used 12410K, capacity 13150K, committed 13184K, reserved 1048576K
}
Event: 535.081 GC heap after
{Heap after GC invocations=52 (full 0):
 garbage-first heap   total 262144K, used 133170K [0x00000000a0000000, 0x0000000100000000)
  region size 1024K, 3 young (3072K), 3 survivors (3072K)
 Metaspace       used 104927K, capacity 107453K, committed 107648K, reserved 1144832K
  class space    used 12410K, capacity 13150K, committed 13184K, reserved 1048576K
}
Event: 537.504 GC heap before
{Heap before GC invocations=53 (full 0):
 garbage-first heap   total 262144K, used 214066K [0x00000000a0000000, 0x0000000100000000)
  region size 1024K, 83 young (84992K), 3 survivors (3072K)
 Metaspace       used 106386K, capacity 108958K, committed 109056K, reserved 1144832K
  class space    used 12560K, capacity 13311K, committed 13312K, reserved 1048576K
}
Event: 537.511 GC heap after
{Heap after GC invocations=54 (full 0):
 garbage-first heap   total 262144K, used 140203K [0x00000000a0000000, 0x0000000100000000)
  region size 1024K, 10 young (10240K), 10 survivors (10240K)
 Metaspace       used 106386K, capacity 108958K, committed 109056K, reserved 1144832K
  class space    used 12560K, capacity 13311K, committed 13312K, reserved 1048576K
}
Event: 537.544 GC heap before
{Heap before GC invocations=54 (full 0):
 garbage-first heap   total 262144K, used 142251K [0x00000000a0000000, 0x0000000100000000)
  region size 1024K, 12 young (12288K), 10 survivors (10240K)
 Metaspace       used 106456K, capacity 108961K, committed 109056K, reserved 1144832K
  class space    used 12565K, capacity 13312K, committed 13312K, reserved 1048576K
}
Event: 537.553 GC heap after
{Heap after GC invocations=55 (full 0):
 garbage-first heap   total 262144K, used 133761K [0x00000000a0000000, 0x0000000100000000)
  region size 1024K, 2 young (2048K), 2 survivors (2048K)
 Metaspace       used 106456K, capacity 108961K, committed 109056K, reserved 1144832K
  class space    used 12565K, capacity 13312K, committed 13312K, reserved 1048576K
}
Event: 539.640 GC heap before
{Heap before GC invocations=55 (full 0):
 garbage-first heap   total 262144K, used 221825K [0x00000000a0000000, 0x0000000100000000)
  region size 1024K, 80 young (81920K), 2 survivors (2048K)
 Metaspace       used 110693K, capacity 113353K, committed 113664K, reserved 1148928K
  class space    used 12983K, capacity 13761K, committed 13824K, reserved 1048576K
}
Event: 539.647 GC heap after
{Heap after GC invocations=56 (full 0):
 garbage-first heap   total 262144K, used 139234K [0x00000000a0000000, 0x0000000100000000)
  region size 1024K, 6 young (6144K), 6 survivors (6144K)
 Metaspace       used 110693K, capacity 113353K, committed 113664K, reserved 1148928K
  class space    used 12983K, capacity 13761K, committed 13824K, reserved 1048576K
}
Event: 541.224 GC heap before
{Heap before GC invocations=57 (full 0):
 garbage-first heap   total 262144K, used 213986K [0x00000000a0000000, 0x0000000100000000)
  region size 1024K, 80 young (81920K), 6 survivors (6144K)
 Metaspace       used 111445K, capacity 114155K, committed 114304K, reserved 1148928K
  class space    used 13055K, capacity 13871K, committed 13952K, reserved 1048576K
}
Event: 541.230 GC heap after
{Heap after GC invocations=58 (full 0):
 garbage-first heap   total 262144K, used 138848K [0x00000000a0000000, 0x0000000100000000)
  region size 1024K, 1 young (1024K), 1 survivors (1024K)
 Metaspace       used 111445K, capacity 114155K, committed 114304K, reserved 1148928K
  class space    used 13055K, capacity 13871K, committed 13952K, reserved 1048576K
}
Event: 541.302 GC heap before
{Heap before GC invocations=58 (full 0):
 garbage-first heap   total 262144K, used 149088K [0x00000000a0000000, 0x0000000100000000)
  region size 1024K, 12 young (12288K), 1 survivors (1024K)
 Metaspace       used 111446K, capacity 114155K, committed 114304K, reserved 1148928K
  class space    used 13055K, capacity 13871K, committed 13952K, reserved 1048576K
}
Event: 541.305 GC heap after
{Heap after GC invocations=59 (full 0):
 garbage-first heap   total 262144K, used 137827K [0x00000000a0000000, 0x0000000100000000)
  region size 1024K, 1 young (1024K), 1 survivors (1024K)
 Metaspace       used 111446K, capacity 114155K, committed 114304K, reserved 1148928K
  class space    used 13055K, capacity 13871K, committed 13952K, reserved 1048576K
}
Event: 541.641 GC heap before
{Heap before GC invocations=59 (full 0):
 garbage-first heap   total 262144K, used 217699K [0x00000000a0000000, 0x0000000100000000)
  region size 1024K, 79 young (80896K), 1 survivors (1024K)
 Metaspace       used 111449K, capacity 114155K, committed 114304K, reserved 1148928K
  class space    used 13055K, capacity 13871K, committed 13952K, reserved 1048576K
}
Event: 541.643 GC heap after
{Heap after GC invocations=60 (full 0):
 garbage-first heap   total 262144K, used 138109K [0x00000000a0000000, 0x0000000100000000)
  region size 1024K, 1 young (1024K), 1 survivors (1024K)
 Metaspace       used 111449K, capacity 114155K, committed 114304K, reserved 1148928K
  class space    used 13055K, capacity 13871K, committed 13952K, reserved 1048576K
}
Event: 541.939 GC heap before
{Heap before GC invocations=60 (full 0):
 garbage-first heap   total 262144K, used 219005K [0x00000000a0000000, 0x0000000100000000)
  region size 1024K, 80 young (81920K), 1 survivors (1024K)
 Metaspace       used 111449K, capacity 114155K, committed 114304K, reserved 1148928K
  class space    used 13055K, capacity 13871K, committed 13952K, reserved 1048576K
}
Event: 541.941 GC heap after
{Heap after GC invocations=61 (full 0):
 garbage-first heap   total 262144K, used 138469K [0x00000000a0000000, 0x0000000100000000)
  region size 1024K, 2 young (2048K), 2 survivors (2048K)
 Metaspace       used 111449K, capacity 114155K, committed 114304K, reserved 1148928K
  class space    used 13055K, capacity 13871K, committed 13952K, reserved 1048576K
}
Event: 543.148 GC heap before
{Heap before GC invocations=61 (full 0):
 garbage-first heap   total 262144K, used 180453K [0x00000000a0000000, 0x0000000100000000)
  region size 1024K, 45 young (46080K), 2 survivors (2048K)
 Metaspace       used 117740K, capacity 120540K, committed 120704K, reserved 1155072K
  class space    used 13830K, capacity 14702K, committed 14720K, reserved 1048576K
}
Event: 543.160 GC heap after
{Heap after GC invocations=62 (full 0):
 garbage-first heap   total 262144K, used 141222K [0x00000000a0000000, 0x0000000100000000)
  region size 1024K, 4 young (4096K), 4 survivors (4096K)
 Metaspace       used 117740K, capacity 120540K, committed 120704K, reserved 1155072K
  class space    used 13830K, capacity 14702K, committed 14720K, reserved 1048576K
}

